Performing C SOURCE FILE Test CMAKE_HAVE_LIBC_PTHREAD failed with the following output:
Change Dir: /home/cxl/workspace/ORBSLAM2_Dense/Examples/ROS/ORB_SLAM2/build/CMakeFiles/CMakeScratch/TryCompile-LjfGv5

Run Build Command(s):/usr/bin/make -f Makefile cmTC_73566/fast && /usr/bin/make  -f CMakeFiles/cmTC_73566.dir/build.make CMakeFiles/cmTC_73566.dir/build
make[1]: 进入目录“/home/cxl/workspace/ORBSLAM2_Dense/Examples/ROS/ORB_SLAM2/build/CMakeFiles/CMakeScratch/TryCompile-LjfGv5”
Building C object CMakeFiles/cmTC_73566.dir/src.c.o
/usr/bin/cc -DCMAKE_HAVE_LIBC_PTHREAD  -Wall  -O3 -march=native   -o CMakeFiles/cmTC_73566.dir/src.c.o -c /home/cxl/workspace/ORBSLAM2_Dense/Examples/ROS/ORB_SLAM2/build/CMakeFiles/CMakeScratch/TryCompile-LjfGv5/src.c
Linking C executable cmTC_73566
/home/cxl/.local/lib/python3.8/site-packages/cmake/data/bin/cmake -E cmake_link_script CMakeFiles/cmTC_73566.dir/link.txt --verbose=1
/usr/bin/cc   -Wall  -O3 -march=native   -rdynamic CMakeFiles/cmTC_73566.dir/src.c.o -o cmTC_73566 
/usr/bin/ld: CMakeFiles/cmTC_73566.dir/src.c.o: in function `main':
src.c:(.text.startup+0x23): undefined reference to `pthread_create'
/usr/bin/ld: src.c:(.text.startup+0x2c): undefined reference to `pthread_detach'
/usr/bin/ld: src.c:(.text.startup+0x35): undefined reference to `pthread_cancel'
/usr/bin/ld: src.c:(.text.startup+0x40): undefined reference to `pthread_join'
collect2: error: ld returned 1 exit status
make[1]: *** [CMakeFiles/cmTC_73566.dir/build.make:99：cmTC_73566] 错误 1
make[1]: 离开目录“/home/cxl/workspace/ORBSLAM2_Dense/Examples/ROS/ORB_SLAM2/build/CMakeFiles/CMakeScratch/TryCompile-LjfGv5”
make: *** [Makefile:127：cmTC_73566/fast] 错误 2


Source file was:
#include <pthread.h>

static void* test_func(void* data)
{
  return data;
}

int main(void)
{
  pthread_t thread;
  pthread_create(&thread, NULL, test_func, NULL);
  pthread_detach(thread);
  pthread_cancel(thread);
  pthread_join(thread, NULL);
  pthread_atfork(NULL, NULL, NULL);
  pthread_exit(NULL);

  return 0;
}


Determining if the function pthread_create exists in the pthreads failed with the following output:
Change Dir: /home/cxl/workspace/ORBSLAM2_Dense/Examples/ROS/ORB_SLAM2/build/CMakeFiles/CMakeScratch/TryCompile-Pxb4U6

Run Build Command(s):/usr/bin/make -f Makefile cmTC_bedbe/fast && /usr/bin/make  -f CMakeFiles/cmTC_bedbe.dir/build.make CMakeFiles/cmTC_bedbe.dir/build
make[1]: 进入目录“/home/cxl/workspace/ORBSLAM2_Dense/Examples/ROS/ORB_SLAM2/build/CMakeFiles/CMakeScratch/TryCompile-Pxb4U6”
Building C object CMakeFiles/cmTC_bedbe.dir/CheckFunctionExists.c.o
/usr/bin/cc   -Wall  -O3 -march=native  -DCHECK_FUNCTION_EXISTS=pthread_create -o CMakeFiles/cmTC_bedbe.dir/CheckFunctionExists.c.o -c /home/cxl/workspace/ORBSLAM2_Dense/Examples/ROS/ORB_SLAM2/build/CMakeFiles/CMakeScratch/TryCompile-Pxb4U6/CheckFunctionExists.c
Linking C executable cmTC_bedbe
/home/cxl/.local/lib/python3.8/site-packages/cmake/data/bin/cmake -E cmake_link_script CMakeFiles/cmTC_bedbe.dir/link.txt --verbose=1
/usr/bin/cc   -Wall  -O3 -march=native  -DCHECK_FUNCTION_EXISTS=pthread_create -rdynamic CMakeFiles/cmTC_bedbe.dir/CheckFunctionExists.c.o -o cmTC_bedbe  -lpthreads 
/usr/bin/ld: 找不到 -lpthreads
collect2: error: ld returned 1 exit status
make[1]: *** [CMakeFiles/cmTC_bedbe.dir/build.make:99：cmTC_bedbe] 错误 1
make[1]: 离开目录“/home/cxl/workspace/ORBSLAM2_Dense/Examples/ROS/ORB_SLAM2/build/CMakeFiles/CMakeScratch/TryCompile-Pxb4U6”
make: *** [Makefile:127：cmTC_bedbe/fast] 错误 2



